CRITICAL - 2023-02-02 04:29:55 --> include(javascript.php): Failed to open stream: No such file or directory
in APPPATH\Views\Layouts\indexView.php on line 1517.
 1 APPPATH\Views\Layouts\indexView.php(1517): CodeIgniter\Debug\Exceptions->errorHandler(2, 'include(javascript.php): Failed to open stream: No such file or directory', 'APPPATH\\Views\\Layouts\\indexView.php', 1517)
 2 APPPATH\Views\Layouts\indexView.php(1517): include()
 3 SYSTEMPATH\View\View.php(213): include('APPPATH\\Views\\Layouts\\indexView.php')
 4 SYSTEMPATH\View\View.php(216): CodeIgniter\View\View->CodeIgniter\View\{closure}()
 5 SYSTEMPATH\View\View.php(229): CodeIgniter\View\View->render('Layouts/indexView', [], true)
 6 SYSTEMPATH\Common.php(1177): CodeIgniter\View\View->render('welcome_message', [], true)
 7 APPPATH\Controllers\Home.php(9): view('welcome_message')
 8 SYSTEMPATH\CodeIgniter.php(934): App\Controllers\Home->index()
 9 SYSTEMPATH\CodeIgniter.php(499): CodeIgniter\CodeIgniter->runController(Object(App\Controllers\Home))
10 SYSTEMPATH\CodeIgniter.php(368): CodeIgniter\CodeIgniter->handleRequest(null, Object(Config\Cache), false)
11 FCPATH\index.php(67): CodeIgniter\CodeIgniter->run()
12 SYSTEMPATH\Commands\Server\rewrite.php(47): require_once('FCPATH\\index.php')
CRITICAL - 2023-02-02 04:29:58 --> include(javascript.php): Failed to open stream: No such file or directory
in APPPATH\Views\Layouts\indexView.php on line 1517.
 1 APPPATH\Views\Layouts\indexView.php(1517): CodeIgniter\Debug\Exceptions->errorHandler(2, 'include(javascript.php): Failed to open stream: No such file or directory', 'APPPATH\\Views\\Layouts\\indexView.php', 1517)
 2 APPPATH\Views\Layouts\indexView.php(1517): include()
 3 SYSTEMPATH\View\View.php(213): include('APPPATH\\Views\\Layouts\\indexView.php')
 4 SYSTEMPATH\View\View.php(216): CodeIgniter\View\View->CodeIgniter\View\{closure}()
 5 SYSTEMPATH\View\View.php(229): CodeIgniter\View\View->render('Layouts/indexView', [], true)
 6 SYSTEMPATH\Common.php(1177): CodeIgniter\View\View->render('welcome_message', [], true)
 7 APPPATH\Controllers\Home.php(9): view('welcome_message')
 8 SYSTEMPATH\CodeIgniter.php(934): App\Controllers\Home->index()
 9 SYSTEMPATH\CodeIgniter.php(499): CodeIgniter\CodeIgniter->runController(Object(App\Controllers\Home))
10 SYSTEMPATH\CodeIgniter.php(368): CodeIgniter\CodeIgniter->handleRequest(null, Object(Config\Cache), false)
11 FCPATH\index.php(67): CodeIgniter\CodeIgniter->run()
12 SYSTEMPATH\Commands\Server\rewrite.php(47): require_once('FCPATH\\index.php')
CRITICAL - 2023-02-02 04:30:53 --> include(javascript.php): Failed to open stream: No such file or directory
in APPPATH\Views\Layouts\indexView.php on line 1517.
 1 APPPATH\Views\Layouts\indexView.php(1517): CodeIgniter\Debug\Exceptions->errorHandler(2, 'include(javascript.php): Failed to open stream: No such file or directory', 'APPPATH\\Views\\Layouts\\indexView.php', 1517)
 2 APPPATH\Views\Layouts\indexView.php(1517): include()
 3 SYSTEMPATH\View\View.php(213): include('APPPATH\\Views\\Layouts\\indexView.php')
 4 SYSTEMPATH\View\View.php(216): CodeIgniter\View\View->CodeIgniter\View\{closure}()
 5 SYSTEMPATH\View\View.php(229): CodeIgniter\View\View->render('Layouts/indexView', [], true)
 6 SYSTEMPATH\Common.php(1177): CodeIgniter\View\View->render('welcome_message', [], true)
 7 APPPATH\Controllers\Home.php(9): view('welcome_message')
 8 SYSTEMPATH\CodeIgniter.php(934): App\Controllers\Home->index()
 9 SYSTEMPATH\CodeIgniter.php(499): CodeIgniter\CodeIgniter->runController(Object(App\Controllers\Home))
10 SYSTEMPATH\CodeIgniter.php(368): CodeIgniter\CodeIgniter->handleRequest(null, Object(Config\Cache), false)
11 FCPATH\index.php(67): CodeIgniter\CodeIgniter->run()
12 SYSTEMPATH\Commands\Server\rewrite.php(47): require_once('FCPATH\\index.php')
CRITICAL - 2023-02-02 04:31:10 --> include(javascript.php): Failed to open stream: No such file or directory
in APPPATH\Views\Layouts\indexView.php on line 1517.
 1 APPPATH\Views\Layouts\indexView.php(1517): CodeIgniter\Debug\Exceptions->errorHandler(2, 'include(javascript.php): Failed to open stream: No such file or directory', 'APPPATH\\Views\\Layouts\\indexView.php', 1517)
 2 APPPATH\Views\Layouts\indexView.php(1517): include()
 3 SYSTEMPATH\View\View.php(213): include('APPPATH\\Views\\Layouts\\indexView.php')
 4 SYSTEMPATH\View\View.php(216): CodeIgniter\View\View->CodeIgniter\View\{closure}()
 5 SYSTEMPATH\View\View.php(229): CodeIgniter\View\View->render('Layouts/indexView', [], true)
 6 SYSTEMPATH\Common.php(1177): CodeIgniter\View\View->render('welcome_message', [], true)
 7 APPPATH\Controllers\Home.php(9): view('welcome_message')
 8 SYSTEMPATH\CodeIgniter.php(934): App\Controllers\Home->index()
 9 SYSTEMPATH\CodeIgniter.php(499): CodeIgniter\CodeIgniter->runController(Object(App\Controllers\Home))
10 SYSTEMPATH\CodeIgniter.php(368): CodeIgniter\CodeIgniter->handleRequest(null, Object(Config\Cache), false)
11 FCPATH\index.php(67): CodeIgniter\CodeIgniter->run()
12 SYSTEMPATH\Commands\Server\rewrite.php(47): require_once('FCPATH\\index.php')
CRITICAL - 2023-02-02 04:31:12 --> include(javascript.php): Failed to open stream: No such file or directory
in APPPATH\Views\Layouts\indexView.php on line 1517.
 1 APPPATH\Views\Layouts\indexView.php(1517): CodeIgniter\Debug\Exceptions->errorHandler(2, 'include(javascript.php): Failed to open stream: No such file or directory', 'APPPATH\\Views\\Layouts\\indexView.php', 1517)
 2 APPPATH\Views\Layouts\indexView.php(1517): include()
 3 SYSTEMPATH\View\View.php(213): include('APPPATH\\Views\\Layouts\\indexView.php')
 4 SYSTEMPATH\View\View.php(216): CodeIgniter\View\View->CodeIgniter\View\{closure}()
 5 SYSTEMPATH\View\View.php(229): CodeIgniter\View\View->render('Layouts/indexView', [], true)
 6 SYSTEMPATH\Common.php(1177): CodeIgniter\View\View->render('welcome_message', [], true)
 7 APPPATH\Controllers\Home.php(9): view('welcome_message')
 8 SYSTEMPATH\CodeIgniter.php(934): App\Controllers\Home->index()
 9 SYSTEMPATH\CodeIgniter.php(499): CodeIgniter\CodeIgniter->runController(Object(App\Controllers\Home))
10 SYSTEMPATH\CodeIgniter.php(368): CodeIgniter\CodeIgniter->handleRequest(null, Object(Config\Cache), false)
11 FCPATH\index.php(67): CodeIgniter\CodeIgniter->run()
12 SYSTEMPATH\Commands\Server\rewrite.php(47): require_once('FCPATH\\index.php')
CRITICAL - 2023-02-02 04:31:50 --> include(javascript.php): Failed to open stream: No such file or directory
in APPPATH\Views\Layouts\indexView.php on line 1517.
 1 APPPATH\Views\Layouts\indexView.php(1517): CodeIgniter\Debug\Exceptions->errorHandler(2, 'include(javascript.php): Failed to open stream: No such file or directory', 'APPPATH\\Views\\Layouts\\indexView.php', 1517)
 2 APPPATH\Views\Layouts\indexView.php(1517): include()
 3 SYSTEMPATH\View\View.php(213): include('APPPATH\\Views\\Layouts\\indexView.php')
 4 SYSTEMPATH\View\View.php(216): CodeIgniter\View\View->CodeIgniter\View\{closure}()
 5 SYSTEMPATH\View\View.php(229): CodeIgniter\View\View->render('Layouts/indexView', [], true)
 6 SYSTEMPATH\Common.php(1177): CodeIgniter\View\View->render('welcome_message', [], true)
 7 APPPATH\Controllers\Home.php(9): view('welcome_message')
 8 SYSTEMPATH\CodeIgniter.php(934): App\Controllers\Home->index()
 9 SYSTEMPATH\CodeIgniter.php(499): CodeIgniter\CodeIgniter->runController(Object(App\Controllers\Home))
10 SYSTEMPATH\CodeIgniter.php(368): CodeIgniter\CodeIgniter->handleRequest(null, Object(Config\Cache), false)
11 FCPATH\index.php(67): CodeIgniter\CodeIgniter->run()
12 SYSTEMPATH\Commands\Server\rewrite.php(47): require_once('FCPATH\\index.php')
CRITICAL - 2023-02-02 04:31:51 --> include(javascript.php): Failed to open stream: No such file or directory
in APPPATH\Views\Layouts\indexView.php on line 1517.
 1 APPPATH\Views\Layouts\indexView.php(1517): CodeIgniter\Debug\Exceptions->errorHandler(2, 'include(javascript.php): Failed to open stream: No such file or directory', 'APPPATH\\Views\\Layouts\\indexView.php', 1517)
 2 APPPATH\Views\Layouts\indexView.php(1517): include()
 3 SYSTEMPATH\View\View.php(213): include('APPPATH\\Views\\Layouts\\indexView.php')
 4 SYSTEMPATH\View\View.php(216): CodeIgniter\View\View->CodeIgniter\View\{closure}()
 5 SYSTEMPATH\View\View.php(229): CodeIgniter\View\View->render('Layouts/indexView', [], true)
 6 SYSTEMPATH\Common.php(1177): CodeIgniter\View\View->render('welcome_message', [], true)
 7 APPPATH\Controllers\Home.php(9): view('welcome_message')
 8 SYSTEMPATH\CodeIgniter.php(934): App\Controllers\Home->index()
 9 SYSTEMPATH\CodeIgniter.php(499): CodeIgniter\CodeIgniter->runController(Object(App\Controllers\Home))
10 SYSTEMPATH\CodeIgniter.php(368): CodeIgniter\CodeIgniter->handleRequest(null, Object(Config\Cache), false)
11 FCPATH\index.php(67): CodeIgniter\CodeIgniter->run()
12 SYSTEMPATH\Commands\Server\rewrite.php(47): require_once('FCPATH\\index.php')
CRITICAL - 2023-02-02 04:31:52 --> include(javascript.php): Failed to open stream: No such file or directory
in APPPATH\Views\Layouts\indexView.php on line 1517.
 1 APPPATH\Views\Layouts\indexView.php(1517): CodeIgniter\Debug\Exceptions->errorHandler(2, 'include(javascript.php): Failed to open stream: No such file or directory', 'APPPATH\\Views\\Layouts\\indexView.php', 1517)
 2 APPPATH\Views\Layouts\indexView.php(1517): include()
 3 SYSTEMPATH\View\View.php(213): include('APPPATH\\Views\\Layouts\\indexView.php')
 4 SYSTEMPATH\View\View.php(216): CodeIgniter\View\View->CodeIgniter\View\{closure}()
 5 SYSTEMPATH\View\View.php(229): CodeIgniter\View\View->render('Layouts/indexView', [], true)
 6 SYSTEMPATH\Common.php(1177): CodeIgniter\View\View->render('welcome_message', [], true)
 7 APPPATH\Controllers\Home.php(9): view('welcome_message')
 8 SYSTEMPATH\CodeIgniter.php(934): App\Controllers\Home->index()
 9 SYSTEMPATH\CodeIgniter.php(499): CodeIgniter\CodeIgniter->runController(Object(App\Controllers\Home))
10 SYSTEMPATH\CodeIgniter.php(368): CodeIgniter\CodeIgniter->handleRequest(null, Object(Config\Cache), false)
11 FCPATH\index.php(67): CodeIgniter\CodeIgniter->run()
12 SYSTEMPATH\Commands\Server\rewrite.php(47): require_once('FCPATH\\index.php')
CRITICAL - 2023-02-02 04:35:09 --> include(javascript.php): Failed to open stream: No such file or directory
in APPPATH\Views\Layouts\indexView.php on line 1517.
 1 APPPATH\Views\Layouts\indexView.php(1517): CodeIgniter\Debug\Exceptions->errorHandler(2, 'include(javascript.php): Failed to open stream: No such file or directory', 'APPPATH\\Views\\Layouts\\indexView.php', 1517)
 2 APPPATH\Views\Layouts\indexView.php(1517): include()
 3 SYSTEMPATH\View\View.php(213): include('APPPATH\\Views\\Layouts\\indexView.php')
 4 SYSTEMPATH\View\View.php(216): CodeIgniter\View\View->CodeIgniter\View\{closure}()
 5 SYSTEMPATH\View\View.php(229): CodeIgniter\View\View->render('Layouts/indexView', [], true)
 6 SYSTEMPATH\Common.php(1177): CodeIgniter\View\View->render('welcome_message', [], true)
 7 APPPATH\Controllers\Home.php(9): view('welcome_message')
 8 SYSTEMPATH\CodeIgniter.php(934): App\Controllers\Home->index()
 9 SYSTEMPATH\CodeIgniter.php(499): CodeIgniter\CodeIgniter->runController(Object(App\Controllers\Home))
10 SYSTEMPATH\CodeIgniter.php(368): CodeIgniter\CodeIgniter->handleRequest(null, Object(Config\Cache), false)
11 FCPATH\index.php(67): CodeIgniter\CodeIgniter->run()
12 SYSTEMPATH\Commands\Server\rewrite.php(47): require_once('FCPATH\\index.php')
CRITICAL - 2023-02-02 04:35:10 --> include(javascript.php): Failed to open stream: No such file or directory
in APPPATH\Views\Layouts\indexView.php on line 1517.
 1 APPPATH\Views\Layouts\indexView.php(1517): CodeIgniter\Debug\Exceptions->errorHandler(2, 'include(javascript.php): Failed to open stream: No such file or directory', 'APPPATH\\Views\\Layouts\\indexView.php', 1517)
 2 APPPATH\Views\Layouts\indexView.php(1517): include()
 3 SYSTEMPATH\View\View.php(213): include('APPPATH\\Views\\Layouts\\indexView.php')
 4 SYSTEMPATH\View\View.php(216): CodeIgniter\View\View->CodeIgniter\View\{closure}()
 5 SYSTEMPATH\View\View.php(229): CodeIgniter\View\View->render('Layouts/indexView', [], true)
 6 SYSTEMPATH\Common.php(1177): CodeIgniter\View\View->render('welcome_message', [], true)
 7 APPPATH\Controllers\Home.php(9): view('welcome_message')
 8 SYSTEMPATH\CodeIgniter.php(934): App\Controllers\Home->index()
 9 SYSTEMPATH\CodeIgniter.php(499): CodeIgniter\CodeIgniter->runController(Object(App\Controllers\Home))
10 SYSTEMPATH\CodeIgniter.php(368): CodeIgniter\CodeIgniter->handleRequest(null, Object(Config\Cache), false)
11 FCPATH\index.php(67): CodeIgniter\CodeIgniter->run()
12 SYSTEMPATH\Commands\Server\rewrite.php(47): require_once('FCPATH\\index.php')
CRITICAL - 2023-02-02 07:56:55 --> Invalid file: "Home/indexView2.php"
in SYSTEMPATH\Exceptions\FrameworkException.php on line 33.
 1 SYSTEMPATH\View\View.php(201): CodeIgniter\Exceptions\FrameworkException::forInvalidFile('Home/indexView2.php')
 2 SYSTEMPATH\Common.php(1177): CodeIgniter\View\View->render('Home/indexView2', [], true)
 3 APPPATH\Controllers\Home.php(10): view('Home/indexView2')
 4 SYSTEMPATH\CodeIgniter.php(934): App\Controllers\Home->index()
 5 SYSTEMPATH\CodeIgniter.php(499): CodeIgniter\CodeIgniter->runController(Object(App\Controllers\Home))
 6 SYSTEMPATH\CodeIgniter.php(368): CodeIgniter\CodeIgniter->handleRequest(null, Object(Config\Cache), false)
 7 FCPATH\index.php(67): CodeIgniter\CodeIgniter->run()
 8 SYSTEMPATH\Commands\Server\rewrite.php(47): require_once('FCPATH\\index.php')
