INFO - 2023-02-08 02:00:34 --> Session: Class initialized using 'CodeIgniter\Session\Handlers\FileHandler' driver.
INFO - 2023-02-08 02:45:47 --> Session: Class initialized using 'CodeIgniter\Session\Handlers\FileHandler' driver.
INFO - 2023-02-08 02:45:48 --> Session: Class initialized using 'CodeIgniter\Session\Handlers\FileHandler' driver.
CRITICAL - 2023-02-08 03:15:05 --> "auth" filter must have a matching alias defined.
in SYSTEMPATH\Filters\Filters.php on line 493.
 1 SYSTEMPATH\Filters\Filters.php(493): CodeIgniter\Filters\Exceptions\FilterException::forNoAlias('auth')
 2 SYSTEMPATH\Filters\Filters.php(243): CodeIgniter\Filters\Filters->processAliasesToClass('before')
 3 SYSTEMPATH\Filters\Filters.php(163): CodeIgniter\Filters\Filters->initialize('C:\\')
 4 SYSTEMPATH\CodeIgniter.php(473): CodeIgniter\Filters\Filters->run('C:\\', 'before')
 5 SYSTEMPATH\CodeIgniter.php(368): CodeIgniter\CodeIgniter->handleRequest(null, Object(Config\Cache), false)
 6 FCPATH\index.php(67): CodeIgniter\CodeIgniter->run()
 7 SYSTEMPATH\Commands\Server\rewrite.php(47): require_once('FCPATH\\index.php')
CRITICAL - 2023-02-08 03:15:20 --> Unclosed '{' on line 13 does not match ']'
in APPPATH\Config\Filters.php on line 44.
 1 SYSTEMPATH\Autoloader\Autoloader.php(289): CodeIgniter\Autoloader\Autoloader->includeFile('APPPATH\\Config\\Filters.php')
 2 SYSTEMPATH\Autoloader\Autoloader.php(267): CodeIgniter\Autoloader\Autoloader->loadInNamespace('Config\\Filters')
 3 [internal function]: CodeIgniter\Autoloader\Autoloader->loadClass('Config\\Filters')
 4 SYSTEMPATH\Config\Factories.php(155): class_exists('Config\\Filters')
 5 SYSTEMPATH\Config\Factories.php(125): CodeIgniter\Config\Factories::locateClass([...], 'Filters')
 6 SYSTEMPATH\Common.php(206): CodeIgniter\Config\Factories::__callStatic('config', [])
 7 SYSTEMPATH\Config\Services.php(285): config('Filters')
 8 SYSTEMPATH\Config\BaseService.php(252): CodeIgniter\Config\Services::filters(null, false)
 9 SYSTEMPATH\Config\BaseService.php(193): CodeIgniter\Config\BaseService::__callStatic('filters', [...])
10 SYSTEMPATH\Config\Services.php(282): CodeIgniter\Config\BaseService::getSharedInstance('filters', null)
11 SYSTEMPATH\Config\BaseService.php(252): CodeIgniter\Config\Services::filters()
12 SYSTEMPATH\CodeIgniter.php(455): CodeIgniter\Config\BaseService::__callStatic('filters', [])
13 SYSTEMPATH\CodeIgniter.php(368): CodeIgniter\CodeIgniter->handleRequest(null, Object(Config\Cache), false)
14 FCPATH\index.php(67): CodeIgniter\CodeIgniter->run()
15 SYSTEMPATH\Commands\Server\rewrite.php(47): require_once('FCPATH\\index.php')
INFO - 2023-02-08 03:15:43 --> Session: Class initialized using 'CodeIgniter\Session\Handlers\FileHandler' driver.
ERROR - 2023-02-08 03:43:15 --> mysqli_sql_exception: Incorrect table definition; there can be only one auto column and it must be defined as a key in C:\xampp\htdocs\appci4\vendor\codeigniter4\framework\system\Database\MySQLi\Connection.php:295
Stack trace:
#0 C:\xampp\htdocs\appci4\vendor\codeigniter4\framework\system\Database\MySQLi\Connection.php(295): mysqli->query('CREATE TABLE `u...', 0)
#1 C:\xampp\htdocs\appci4\vendor\codeigniter4\framework\system\Database\BaseConnection.php(691): CodeIgniter\Database\MySQLi\Connection->execute('CREATE TABLE `u...')
#2 C:\xampp\htdocs\appci4\vendor\codeigniter4\framework\system\Database\BaseConnection.php(605): CodeIgniter\Database\BaseConnection->simpleQuery('CREATE TABLE `u...')
#3 C:\xampp\htdocs\appci4\vendor\codeigniter4\framework\system\Database\Forge.php(546): CodeIgniter\Database\BaseConnection->query('CREATE TABLE `u...')
#4 C:\xampp\htdocs\appci4\app\Database\Migrations\2023-02-07-140201_Users.php(44): CodeIgniter\Database\Forge->createTable('users')
#5 C:\xampp\htdocs\appci4\vendor\codeigniter4\framework\system\Database\MigrationRunner.php(877): App\Database\Migrations\Users->up()
#6 C:\xampp\htdocs\appci4\vendor\codeigniter4\framework\system\Database\MigrationRunner.php(188): CodeIgniter\Database\MigrationRunner->migrate('up', Object(stdClass))
#7 C:\xampp\htdocs\appci4\vendor\codeigniter4\framework\system\Commands\Database\Migrate.php(84): CodeIgniter\Database\MigrationRunner->latest(NULL)
#8 C:\xampp\htdocs\appci4\vendor\codeigniter4\framework\system\CLI\Commands.php(65): CodeIgniter\Commands\Database\Migrate->run(Array)
#9 C:\xampp\htdocs\appci4\vendor\codeigniter4\framework\system\CLI\Console.php(37): CodeIgniter\CLI\Commands->run('migrate', Array)
#10 C:\xampp\htdocs\appci4\spark(97): CodeIgniter\CLI\Console->run()
#11 {main}
ERROR - 2023-02-08 03:52:16 --> mysqli_sql_exception: Incorrect table definition; there can be only one auto column and it must be defined as a key in C:\xampp\htdocs\appci4\vendor\codeigniter4\framework\system\Database\MySQLi\Connection.php:295
Stack trace:
#0 C:\xampp\htdocs\appci4\vendor\codeigniter4\framework\system\Database\MySQLi\Connection.php(295): mysqli->query('CREATE TABLE `u...', 0)
#1 C:\xampp\htdocs\appci4\vendor\codeigniter4\framework\system\Database\BaseConnection.php(691): CodeIgniter\Database\MySQLi\Connection->execute('CREATE TABLE `u...')
#2 C:\xampp\htdocs\appci4\vendor\codeigniter4\framework\system\Database\BaseConnection.php(605): CodeIgniter\Database\BaseConnection->simpleQuery('CREATE TABLE `u...')
#3 C:\xampp\htdocs\appci4\vendor\codeigniter4\framework\system\Database\Forge.php(546): CodeIgniter\Database\BaseConnection->query('CREATE TABLE `u...')
#4 C:\xampp\htdocs\appci4\app\Database\Migrations\2023-02-07-140201_Users.php(44): CodeIgniter\Database\Forge->createTable('users')
#5 C:\xampp\htdocs\appci4\vendor\codeigniter4\framework\system\Database\MigrationRunner.php(877): App\Database\Migrations\Users->up()
#6 C:\xampp\htdocs\appci4\vendor\codeigniter4\framework\system\Database\MigrationRunner.php(188): CodeIgniter\Database\MigrationRunner->migrate('up', Object(stdClass))
#7 C:\xampp\htdocs\appci4\vendor\codeigniter4\framework\system\Commands\Database\Migrate.php(84): CodeIgniter\Database\MigrationRunner->latest(NULL)
#8 C:\xampp\htdocs\appci4\vendor\codeigniter4\framework\system\CLI\Commands.php(65): CodeIgniter\Commands\Database\Migrate->run(Array)
#9 C:\xampp\htdocs\appci4\vendor\codeigniter4\framework\system\CLI\Console.php(37): CodeIgniter\CLI\Commands->run('migrate', Array)
#10 C:\xampp\htdocs\appci4\spark(97): CodeIgniter\CLI\Console->run()
#11 {main}
ERROR - 2023-02-08 03:54:04 --> mysqli_sql_exception: Incorrect table definition; there can be only one auto column and it must be defined as a key in C:\xampp\htdocs\appci4\vendor\codeigniter4\framework\system\Database\MySQLi\Connection.php:295
Stack trace:
#0 C:\xampp\htdocs\appci4\vendor\codeigniter4\framework\system\Database\MySQLi\Connection.php(295): mysqli->query('CREATE TABLE `u...', 0)
#1 C:\xampp\htdocs\appci4\vendor\codeigniter4\framework\system\Database\BaseConnection.php(691): CodeIgniter\Database\MySQLi\Connection->execute('CREATE TABLE `u...')
#2 C:\xampp\htdocs\appci4\vendor\codeigniter4\framework\system\Database\BaseConnection.php(605): CodeIgniter\Database\BaseConnection->simpleQuery('CREATE TABLE `u...')
#3 C:\xampp\htdocs\appci4\vendor\codeigniter4\framework\system\Database\Forge.php(546): CodeIgniter\Database\BaseConnection->query('CREATE TABLE `u...')
#4 C:\xampp\htdocs\appci4\app\Database\Migrations\2023-02-07-140201_Users.php(44): CodeIgniter\Database\Forge->createTable('users')
#5 C:\xampp\htdocs\appci4\vendor\codeigniter4\framework\system\Database\MigrationRunner.php(877): App\Database\Migrations\Users->up()
#6 C:\xampp\htdocs\appci4\vendor\codeigniter4\framework\system\Database\MigrationRunner.php(188): CodeIgniter\Database\MigrationRunner->migrate('up', Object(stdClass))
#7 C:\xampp\htdocs\appci4\vendor\codeigniter4\framework\system\Commands\Database\Migrate.php(84): CodeIgniter\Database\MigrationRunner->latest(NULL)
#8 C:\xampp\htdocs\appci4\vendor\codeigniter4\framework\system\CLI\Commands.php(65): CodeIgniter\Commands\Database\Migrate->run(Array)
#9 C:\xampp\htdocs\appci4\vendor\codeigniter4\framework\system\CLI\BaseCommand.php(114): CodeIgniter\CLI\Commands->run('migrate', Array)
#10 C:\xampp\htdocs\appci4\vendor\codeigniter4\framework\system\Commands\Database\MigrateRefresh.php(85): CodeIgniter\CLI\BaseCommand->call('migrate', Array)
#11 C:\xampp\htdocs\appci4\vendor\codeigniter4\framework\system\CLI\Commands.php(65): CodeIgniter\Commands\Database\MigrateRefresh->run(Array)
#12 C:\xampp\htdocs\appci4\vendor\codeigniter4\framework\system\CLI\Console.php(37): CodeIgniter\CLI\Commands->run('migrate:refresh', Array)
#13 C:\xampp\htdocs\appci4\spark(97): CodeIgniter\CLI\Console->run()
#14 {main}
INFO - 2023-02-08 03:56:06 --> Session: Class initialized using 'CodeIgniter\Session\Handlers\FileHandler' driver.
INFO - 2023-02-08 03:56:06 --> Session: Class initialized using 'CodeIgniter\Session\Handlers\FileHandler' driver.
INFO - 2023-02-08 03:56:29 --> Session: Class initialized using 'CodeIgniter\Session\Handlers\FileHandler' driver.
INFO - 2023-02-08 03:56:30 --> Session: Class initialized using 'CodeIgniter\Session\Handlers\FileHandler' driver.
INFO - 2023-02-08 03:56:56 --> Session: Class initialized using 'CodeIgniter\Session\Handlers\FileHandler' driver.
INFO - 2023-02-08 03:56:56 --> Session: Class initialized using 'CodeIgniter\Session\Handlers\FileHandler' driver.
INFO - 2023-02-08 03:57:33 --> Session: Class initialized using 'CodeIgniter\Session\Handlers\FileHandler' driver.
INFO - 2023-02-08 03:57:34 --> Session: Class initialized using 'CodeIgniter\Session\Handlers\FileHandler' driver.
INFO - 2023-02-08 04:09:37 --> Session: Class initialized using 'CodeIgniter\Session\Handlers\FileHandler' driver.
INFO - 2023-02-08 04:09:38 --> Session: Class initialized using 'CodeIgniter\Session\Handlers\FileHandler' driver.
CRITICAL - 2023-02-08 04:36:56 --> "auth" filter must have a matching alias defined.
in SYSTEMPATH\Filters\Filters.php on line 493.
 1 SYSTEMPATH\Filters\Filters.php(493): CodeIgniter\Filters\Exceptions\FilterException::forNoAlias('auth')
 2 SYSTEMPATH\Filters\Filters.php(243): CodeIgniter\Filters\Filters->processAliasesToClass('before')
 3 SYSTEMPATH\Filters\Filters.php(163): CodeIgniter\Filters\Filters->initialize('C:\\')
 4 SYSTEMPATH\CodeIgniter.php(473): CodeIgniter\Filters\Filters->run('C:\\', 'before')
 5 SYSTEMPATH\CodeIgniter.php(368): CodeIgniter\CodeIgniter->handleRequest(null, Object(Config\Cache), false)
 6 FCPATH\index.php(67): CodeIgniter\CodeIgniter->run()
 7 SYSTEMPATH\Commands\Server\rewrite.php(47): require_once('FCPATH\\index.php')
CRITICAL - 2023-02-08 06:35:23 --> syntax error, unexpected token "}"
in APPPATH\Controllers\Auth.php on line 22.
 1 SYSTEMPATH\Router\Router.php(506): CodeIgniter\Router\AutoRouter->getRoute('auth')
 2 SYSTEMPATH\Router\Router.php(205): CodeIgniter\Router\Router->autoRoute('auth')
 3 SYSTEMPATH\CodeIgniter.php(815): CodeIgniter\Router\Router->handle('auth')
 4 SYSTEMPATH\CodeIgniter.php(449): CodeIgniter\CodeIgniter->tryToRouteIt(Object(CodeIgniter\Router\RouteCollection))
 5 SYSTEMPATH\CodeIgniter.php(368): CodeIgniter\CodeIgniter->handleRequest(null, Object(Config\Cache), false)
 6 FCPATH\index.php(67): CodeIgniter\CodeIgniter->run()
 7 SYSTEMPATH\Commands\Server\rewrite.php(47): require_once('FCPATH\\index.php')
CRITICAL - 2023-02-08 08:51:04 --> Unmatched '}'
in APPPATH\Controllers\Auth.php on line 53.
 1 SYSTEMPATH\Router\Router.php(506): CodeIgniter\Router\AutoRouter->getRoute('auth')
 2 SYSTEMPATH\Router\Router.php(205): CodeIgniter\Router\Router->autoRoute('auth')
 3 SYSTEMPATH\CodeIgniter.php(815): CodeIgniter\Router\Router->handle('auth')
 4 SYSTEMPATH\CodeIgniter.php(449): CodeIgniter\CodeIgniter->tryToRouteIt(Object(CodeIgniter\Router\RouteCollection))
 5 SYSTEMPATH\CodeIgniter.php(368): CodeIgniter\CodeIgniter->handleRequest(null, Object(Config\Cache), false)
 6 FCPATH\index.php(67): CodeIgniter\CodeIgniter->run()
 7 SYSTEMPATH\Commands\Server\rewrite.php(47): require_once('FCPATH\\index.php')
INFO - 2023-02-08 08:51:48 --> Session: Class initialized using 'CodeIgniter\Session\Handlers\FileHandler' driver.
ERROR - 2023-02-08 08:52:01 --> mysqli_sql_exception: Unknown column 'pengguna_email' in 'where clause' in C:\xampp\htdocs\appci4\vendor\codeigniter4\framework\system\Database\MySQLi\Connection.php:295
Stack trace:
#0 C:\xampp\htdocs\appci4\vendor\codeigniter4\framework\system\Database\MySQLi\Connection.php(295): mysqli->query('SELECT *\nFROM `...', 0)
#1 C:\xampp\htdocs\appci4\vendor\codeigniter4\framework\system\Database\BaseConnection.php(691): CodeIgniter\Database\MySQLi\Connection->execute('SELECT *\nFROM `...')
#2 C:\xampp\htdocs\appci4\vendor\codeigniter4\framework\system\Database\BaseConnection.php(605): CodeIgniter\Database\BaseConnection->simpleQuery('SELECT *\nFROM `...')
#3 C:\xampp\htdocs\appci4\vendor\codeigniter4\framework\system\Database\BaseBuilder.php(1602): CodeIgniter\Database\BaseConnection->query('SELECT *\nFROM `...', Array, false)
#4 C:\xampp\htdocs\appci4\app\Models\PenggunaModel.php(14): CodeIgniter\Database\BaseBuilder->get()
#5 C:\xampp\htdocs\appci4\app\Controllers\Auth.php(21): App\Models\PenggunaModel->get_data('admin', '123456')
#6 C:\xampp\htdocs\appci4\vendor\codeigniter4\framework\system\CodeIgniter.php(934): App\Controllers\Auth->login()
#7 C:\xampp\htdocs\appci4\vendor\codeigniter4\framework\system\CodeIgniter.php(499): CodeIgniter\CodeIgniter->runController(Object(App\Controllers\Auth))
#8 C:\xampp\htdocs\appci4\vendor\codeigniter4\framework\system\CodeIgniter.php(368): CodeIgniter\CodeIgniter->handleRequest(NULL, Object(Config\Cache), false)
#9 C:\xampp\htdocs\appci4\public\index.php(67): CodeIgniter\CodeIgniter->run()
#10 C:\xampp\htdocs\appci4\vendor\codeigniter4\framework\system\Commands\Server\rewrite.php(47): require_once('C:\\xampp\\htdocs...')
#11 {main}
CRITICAL - 2023-02-08 08:52:01 --> Unknown column 'pengguna_email' in 'where clause'
in SYSTEMPATH\Database\BaseConnection.php on line 645.
 1 SYSTEMPATH\Database\BaseBuilder.php(1602): CodeIgniter\Database\BaseConnection->query('SELECT *
FROM `pengguna`
WHERE `pengguna_email` = :pengguna_email:
AND `pengguna_password` = :pengguna_password:', [...], false)
 2 APPPATH\Models\PenggunaModel.php(14): CodeIgniter\Database\BaseBuilder->get()
 3 APPPATH\Controllers\Auth.php(21): App\Models\PenggunaModel->get_data('admin', '123456')
 4 SYSTEMPATH\CodeIgniter.php(934): App\Controllers\Auth->login()
 5 SYSTEMPATH\CodeIgniter.php(499): CodeIgniter\CodeIgniter->runController(Object(App\Controllers\Auth))
 6 SYSTEMPATH\CodeIgniter.php(368): CodeIgniter\CodeIgniter->handleRequest(null, Object(Config\Cache), false)
 7 FCPATH\index.php(67): CodeIgniter\CodeIgniter->run()
 8 SYSTEMPATH\Commands\Server\rewrite.php(47): require_once('FCPATH\\index.php')
INFO - 2023-02-08 08:54:07 --> Session: Class initialized using 'CodeIgniter\Session\Handlers\FileHandler' driver.
ERROR - 2023-02-08 08:54:16 --> mysqli_sql_exception: Unknown column 'pengguna_email' in 'where clause' in C:\xampp\htdocs\appci4\vendor\codeigniter4\framework\system\Database\MySQLi\Connection.php:295
Stack trace:
#0 C:\xampp\htdocs\appci4\vendor\codeigniter4\framework\system\Database\MySQLi\Connection.php(295): mysqli->query('SELECT *\nFROM `...', 0)
#1 C:\xampp\htdocs\appci4\vendor\codeigniter4\framework\system\Database\BaseConnection.php(691): CodeIgniter\Database\MySQLi\Connection->execute('SELECT *\nFROM `...')
#2 C:\xampp\htdocs\appci4\vendor\codeigniter4\framework\system\Database\BaseConnection.php(605): CodeIgniter\Database\BaseConnection->simpleQuery('SELECT *\nFROM `...')
#3 C:\xampp\htdocs\appci4\vendor\codeigniter4\framework\system\Database\BaseBuilder.php(1602): CodeIgniter\Database\BaseConnection->query('SELECT *\nFROM `...', Array, false)
#4 C:\xampp\htdocs\appci4\app\Models\PenggunaModel.php(14): CodeIgniter\Database\BaseBuilder->get()
#5 C:\xampp\htdocs\appci4\app\Controllers\Auth.php(21): App\Models\PenggunaModel->get_data('123', '12312')
#6 C:\xampp\htdocs\appci4\vendor\codeigniter4\framework\system\CodeIgniter.php(934): App\Controllers\Auth->login()
#7 C:\xampp\htdocs\appci4\vendor\codeigniter4\framework\system\CodeIgniter.php(499): CodeIgniter\CodeIgniter->runController(Object(App\Controllers\Auth))
#8 C:\xampp\htdocs\appci4\vendor\codeigniter4\framework\system\CodeIgniter.php(368): CodeIgniter\CodeIgniter->handleRequest(NULL, Object(Config\Cache), false)
#9 C:\xampp\htdocs\appci4\public\index.php(67): CodeIgniter\CodeIgniter->run()
#10 C:\xampp\htdocs\appci4\vendor\codeigniter4\framework\system\Commands\Server\rewrite.php(47): require_once('C:\\xampp\\htdocs...')
#11 {main}
CRITICAL - 2023-02-08 08:54:16 --> Unknown column 'pengguna_email' in 'where clause'
in SYSTEMPATH\Database\BaseConnection.php on line 645.
 1 SYSTEMPATH\Database\BaseBuilder.php(1602): CodeIgniter\Database\BaseConnection->query('SELECT *
FROM `pengguna`
WHERE `pengguna_email` = :pengguna_email:
AND `pengguna_password` = :pengguna_password:', [...], false)
 2 APPPATH\Models\PenggunaModel.php(14): CodeIgniter\Database\BaseBuilder->get()
 3 APPPATH\Controllers\Auth.php(21): App\Models\PenggunaModel->get_data('123', '12312')
 4 SYSTEMPATH\CodeIgniter.php(934): App\Controllers\Auth->login()
 5 SYSTEMPATH\CodeIgniter.php(499): CodeIgniter\CodeIgniter->runController(Object(App\Controllers\Auth))
 6 SYSTEMPATH\CodeIgniter.php(368): CodeIgniter\CodeIgniter->handleRequest(null, Object(Config\Cache), false)
 7 FCPATH\index.php(67): CodeIgniter\CodeIgniter->run()
 8 SYSTEMPATH\Commands\Server\rewrite.php(47): require_once('FCPATH\\index.php')
INFO - 2023-02-08 08:54:18 --> Session: Class initialized using 'CodeIgniter\Session\Handlers\FileHandler' driver.
ERROR - 2023-02-08 08:54:22 --> mysqli_sql_exception: Unknown column 'pengguna_email' in 'where clause' in C:\xampp\htdocs\appci4\vendor\codeigniter4\framework\system\Database\MySQLi\Connection.php:295
Stack trace:
#0 C:\xampp\htdocs\appci4\vendor\codeigniter4\framework\system\Database\MySQLi\Connection.php(295): mysqli->query('SELECT *\nFROM `...', 0)
#1 C:\xampp\htdocs\appci4\vendor\codeigniter4\framework\system\Database\BaseConnection.php(691): CodeIgniter\Database\MySQLi\Connection->execute('SELECT *\nFROM `...')
#2 C:\xampp\htdocs\appci4\vendor\codeigniter4\framework\system\Database\BaseConnection.php(605): CodeIgniter\Database\BaseConnection->simpleQuery('SELECT *\nFROM `...')
#3 C:\xampp\htdocs\appci4\vendor\codeigniter4\framework\system\Database\BaseBuilder.php(1602): CodeIgniter\Database\BaseConnection->query('SELECT *\nFROM `...', Array, false)
#4 C:\xampp\htdocs\appci4\app\Models\PenggunaModel.php(14): CodeIgniter\Database\BaseBuilder->get()
#5 C:\xampp\htdocs\appci4\app\Controllers\Auth.php(21): App\Models\PenggunaModel->get_data('123', '12312')
#6 C:\xampp\htdocs\appci4\vendor\codeigniter4\framework\system\CodeIgniter.php(934): App\Controllers\Auth->login()
#7 C:\xampp\htdocs\appci4\vendor\codeigniter4\framework\system\CodeIgniter.php(499): CodeIgniter\CodeIgniter->runController(Object(App\Controllers\Auth))
#8 C:\xampp\htdocs\appci4\vendor\codeigniter4\framework\system\CodeIgniter.php(368): CodeIgniter\CodeIgniter->handleRequest(NULL, Object(Config\Cache), false)
#9 C:\xampp\htdocs\appci4\public\index.php(67): CodeIgniter\CodeIgniter->run()
#10 C:\xampp\htdocs\appci4\vendor\codeigniter4\framework\system\Commands\Server\rewrite.php(47): require_once('C:\\xampp\\htdocs...')
#11 {main}
CRITICAL - 2023-02-08 08:54:22 --> Unknown column 'pengguna_email' in 'where clause'
in SYSTEMPATH\Database\BaseConnection.php on line 645.
 1 SYSTEMPATH\Database\BaseBuilder.php(1602): CodeIgniter\Database\BaseConnection->query('SELECT *
FROM `pengguna`
WHERE `pengguna_email` = :pengguna_email:
AND `pengguna_password` = :pengguna_password:', [...], false)
 2 APPPATH\Models\PenggunaModel.php(14): CodeIgniter\Database\BaseBuilder->get()
 3 APPPATH\Controllers\Auth.php(21): App\Models\PenggunaModel->get_data('123', '12312')
 4 SYSTEMPATH\CodeIgniter.php(934): App\Controllers\Auth->login()
 5 SYSTEMPATH\CodeIgniter.php(499): CodeIgniter\CodeIgniter->runController(Object(App\Controllers\Auth))
 6 SYSTEMPATH\CodeIgniter.php(368): CodeIgniter\CodeIgniter->handleRequest(null, Object(Config\Cache), false)
 7 FCPATH\index.php(67): CodeIgniter\CodeIgniter->run()
 8 SYSTEMPATH\Commands\Server\rewrite.php(47): require_once('FCPATH\\index.php')
INFO - 2023-02-08 08:54:25 --> Session: Class initialized using 'CodeIgniter\Session\Handlers\FileHandler' driver.
INFO - 2023-02-08 09:07:04 --> Session: Class initialized using 'CodeIgniter\Session\Handlers\FileHandler' driver.
CRITICAL - 2023-02-08 09:07:17 --> You must set the database table to be used with your query.
in SYSTEMPATH\Database\BaseConnection.php on line 882.
 1 SYSTEMPATH\Model.php(641): CodeIgniter\Database\BaseConnection->table(null)
 2 SYSTEMPATH\Model.php(831): CodeIgniter\Model->builder()
 3 APPPATH\Controllers\Auth.php(37): CodeIgniter\Model->__call('where', [...])
 4 SYSTEMPATH\CodeIgniter.php(934): App\Controllers\Auth->login()
 5 SYSTEMPATH\CodeIgniter.php(499): CodeIgniter\CodeIgniter->runController(Object(App\Controllers\Auth))
 6 SYSTEMPATH\CodeIgniter.php(368): CodeIgniter\CodeIgniter->handleRequest(null, Object(Config\Cache), false)
 7 FCPATH\index.php(67): CodeIgniter\CodeIgniter->run()
 8 SYSTEMPATH\Commands\Server\rewrite.php(47): require_once('FCPATH\\index.php')
INFO - 2023-02-08 09:08:11 --> Session: Class initialized using 'CodeIgniter\Session\Handlers\FileHandler' driver.
INFO - 2023-02-08 09:08:19 --> Session: Class initialized using 'CodeIgniter\Session\Handlers\FileHandler' driver.
INFO - 2023-02-08 09:08:20 --> Session: Class initialized using 'CodeIgniter\Session\Handlers\FileHandler' driver.
INFO - 2023-02-08 09:08:20 --> Session: Class initialized using 'CodeIgniter\Session\Handlers\FileHandler' driver.
INFO - 2023-02-08 09:08:21 --> Session: Class initialized using 'CodeIgniter\Session\Handlers\FileHandler' driver.
CRITICAL - 2023-02-08 09:08:29 --> You must set the database table to be used with your query.
in SYSTEMPATH\Database\BaseConnection.php on line 882.
 1 SYSTEMPATH\Model.php(641): CodeIgniter\Database\BaseConnection->table(null)
 2 SYSTEMPATH\Model.php(831): CodeIgniter\Model->builder()
 3 APPPATH\Controllers\Auth.php(37): CodeIgniter\Model->__call('where', [...])
 4 SYSTEMPATH\CodeIgniter.php(934): App\Controllers\Auth->login()
 5 SYSTEMPATH\CodeIgniter.php(499): CodeIgniter\CodeIgniter->runController(Object(App\Controllers\Auth))
 6 SYSTEMPATH\CodeIgniter.php(368): CodeIgniter\CodeIgniter->handleRequest(null, Object(Config\Cache), false)
 7 FCPATH\index.php(67): CodeIgniter\CodeIgniter->run()
 8 SYSTEMPATH\Commands\Server\rewrite.php(47): require_once('FCPATH\\index.php')
CRITICAL - 2023-02-08 09:14:17 --> You must set the database table to be used with your query.
in SYSTEMPATH\Database\BaseConnection.php on line 882.
 1 SYSTEMPATH\Model.php(641): CodeIgniter\Database\BaseConnection->table(null)
 2 SYSTEMPATH\Model.php(831): CodeIgniter\Model->builder()
 3 APPPATH\Controllers\Auth.php(37): CodeIgniter\Model->__call('where', [...])
 4 SYSTEMPATH\CodeIgniter.php(934): App\Controllers\Auth->login()
 5 SYSTEMPATH\CodeIgniter.php(499): CodeIgniter\CodeIgniter->runController(Object(App\Controllers\Auth))
 6 SYSTEMPATH\CodeIgniter.php(368): CodeIgniter\CodeIgniter->handleRequest(null, Object(Config\Cache), false)
 7 FCPATH\index.php(67): CodeIgniter\CodeIgniter->run()
 8 SYSTEMPATH\Commands\Server\rewrite.php(47): require_once('FCPATH\\index.php')
INFO - 2023-02-08 09:14:19 --> Session: Class initialized using 'CodeIgniter\Session\Handlers\FileHandler' driver.
CRITICAL - 2023-02-08 09:14:26 --> You must set the database table to be used with your query.
in SYSTEMPATH\Database\BaseConnection.php on line 882.
 1 SYSTEMPATH\Model.php(641): CodeIgniter\Database\BaseConnection->table(null)
 2 SYSTEMPATH\Model.php(831): CodeIgniter\Model->builder()
 3 APPPATH\Controllers\Auth.php(37): CodeIgniter\Model->__call('where', [...])
 4 SYSTEMPATH\CodeIgniter.php(934): App\Controllers\Auth->login()
 5 SYSTEMPATH\CodeIgniter.php(499): CodeIgniter\CodeIgniter->runController(Object(App\Controllers\Auth))
 6 SYSTEMPATH\CodeIgniter.php(368): CodeIgniter\CodeIgniter->handleRequest(null, Object(Config\Cache), false)
 7 FCPATH\index.php(67): CodeIgniter\CodeIgniter->run()
 8 SYSTEMPATH\Commands\Server\rewrite.php(47): require_once('FCPATH\\index.php')
ERROR - 2023-02-08 09:19:06 --> mysqli_sql_exception: Unknown column 'pengguna_email' in 'where clause' in C:\xampp\htdocs\appci4\vendor\codeigniter4\framework\system\Database\MySQLi\Connection.php:295
Stack trace:
#0 C:\xampp\htdocs\appci4\vendor\codeigniter4\framework\system\Database\MySQLi\Connection.php(295): mysqli->query('SELECT *\nFROM `...', 0)
#1 C:\xampp\htdocs\appci4\vendor\codeigniter4\framework\system\Database\BaseConnection.php(691): CodeIgniter\Database\MySQLi\Connection->execute('SELECT *\nFROM `...')
#2 C:\xampp\htdocs\appci4\vendor\codeigniter4\framework\system\Database\BaseConnection.php(605): CodeIgniter\Database\BaseConnection->simpleQuery('SELECT *\nFROM `...')
#3 C:\xampp\htdocs\appci4\vendor\codeigniter4\framework\system\Database\BaseBuilder.php(1602): CodeIgniter\Database\BaseConnection->query('SELECT *\nFROM `...', Array, false)
#4 C:\xampp\htdocs\appci4\app\Models\PenggunaModel.php(14): CodeIgniter\Database\BaseBuilder->get()
#5 C:\xampp\htdocs\appci4\app\Controllers\Auth.php(21): App\Models\PenggunaModel->get_data('admin', '123456')
#6 C:\xampp\htdocs\appci4\vendor\codeigniter4\framework\system\CodeIgniter.php(934): App\Controllers\Auth->login()
#7 C:\xampp\htdocs\appci4\vendor\codeigniter4\framework\system\CodeIgniter.php(499): CodeIgniter\CodeIgniter->runController(Object(App\Controllers\Auth))
#8 C:\xampp\htdocs\appci4\vendor\codeigniter4\framework\system\CodeIgniter.php(368): CodeIgniter\CodeIgniter->handleRequest(NULL, Object(Config\Cache), false)
#9 C:\xampp\htdocs\appci4\public\index.php(67): CodeIgniter\CodeIgniter->run()
#10 C:\xampp\htdocs\appci4\vendor\codeigniter4\framework\system\Commands\Server\rewrite.php(47): require_once('C:\\xampp\\htdocs...')
#11 {main}
CRITICAL - 2023-02-08 09:19:06 --> Unknown column 'pengguna_email' in 'where clause'
in SYSTEMPATH\Database\BaseConnection.php on line 645.
 1 SYSTEMPATH\Database\BaseBuilder.php(1602): CodeIgniter\Database\BaseConnection->query('SELECT *
FROM `pengguna`
WHERE `pengguna_email` = :pengguna_email:
AND `pengguna_password` = :pengguna_password:', [...], false)
 2 APPPATH\Models\PenggunaModel.php(14): CodeIgniter\Database\BaseBuilder->get()
 3 APPPATH\Controllers\Auth.php(21): App\Models\PenggunaModel->get_data('admin', '123456')
 4 SYSTEMPATH\CodeIgniter.php(934): App\Controllers\Auth->login()
 5 SYSTEMPATH\CodeIgniter.php(499): CodeIgniter\CodeIgniter->runController(Object(App\Controllers\Auth))
 6 SYSTEMPATH\CodeIgniter.php(368): CodeIgniter\CodeIgniter->handleRequest(null, Object(Config\Cache), false)
 7 FCPATH\index.php(67): CodeIgniter\CodeIgniter->run()
 8 SYSTEMPATH\Commands\Server\rewrite.php(47): require_once('FCPATH\\index.php')
CRITICAL - 2023-02-08 09:21:56 --> Trying to access array offset on value of type null
in APPPATH\Controllers\Auth.php on line 23.
 1 APPPATH\Controllers\Auth.php(23): CodeIgniter\Debug\Exceptions->errorHandler(2, 'Trying to access array offset on value of type null', 'APPPATH\\Controllers\\Auth.php', 23)
 2 SYSTEMPATH\CodeIgniter.php(934): App\Controllers\Auth->login()
 3 SYSTEMPATH\CodeIgniter.php(499): CodeIgniter\CodeIgniter->runController(Object(App\Controllers\Auth))
 4 SYSTEMPATH\CodeIgniter.php(368): CodeIgniter\CodeIgniter->handleRequest(null, Object(Config\Cache), false)
 5 FCPATH\index.php(67): CodeIgniter\CodeIgniter->run()
 6 SYSTEMPATH\Commands\Server\rewrite.php(47): require_once('FCPATH\\index.php')
INFO - 2023-02-08 09:26:24 --> Session: Class initialized using 'CodeIgniter\Session\Handlers\FileHandler' driver.
INFO - 2023-02-08 09:26:27 --> Session: Class initialized using 'CodeIgniter\Session\Handlers\FileHandler' driver.
INFO - 2023-02-08 09:26:51 --> Session: Class initialized using 'CodeIgniter\Session\Handlers\FileHandler' driver.
INFO - 2023-02-08 09:27:02 --> Session: Class initialized using 'CodeIgniter\Session\Handlers\FileHandler' driver.
INFO - 2023-02-08 09:27:02 --> Session: Class initialized using 'CodeIgniter\Session\Handlers\FileHandler' driver.
INFO - 2023-02-08 09:27:03 --> Session: Class initialized using 'CodeIgniter\Session\Handlers\FileHandler' driver.
CRITICAL - 2023-02-08 09:27:30 --> Trying to access array offset on value of type null
in APPPATH\Controllers\Auth.php on line 25.
 1 APPPATH\Controllers\Auth.php(25): CodeIgniter\Debug\Exceptions->errorHandler(2, 'Trying to access array offset on value of type null', 'APPPATH\\Controllers\\Auth.php', 25)
 2 SYSTEMPATH\CodeIgniter.php(934): App\Controllers\Auth->login()
 3 SYSTEMPATH\CodeIgniter.php(499): CodeIgniter\CodeIgniter->runController(Object(App\Controllers\Auth))
 4 SYSTEMPATH\CodeIgniter.php(368): CodeIgniter\CodeIgniter->handleRequest(null, Object(Config\Cache), false)
 5 FCPATH\index.php(67): CodeIgniter\CodeIgniter->run()
 6 SYSTEMPATH\Commands\Server\rewrite.php(47): require_once('FCPATH\\index.php')
INFO - 2023-02-08 09:58:21 --> Session: Class initialized using 'CodeIgniter\Session\Handlers\FileHandler' driver.
INFO - 2023-02-08 09:58:26 --> Session: Class initialized using 'CodeIgniter\Session\Handlers\FileHandler' driver.
INFO - 2023-02-08 09:58:44 --> Session: Class initialized using 'CodeIgniter\Session\Handlers\FileHandler' driver.
INFO - 2023-02-08 09:59:19 --> Session: Class initialized using 'CodeIgniter\Session\Handlers\FileHandler' driver.
INFO - 2023-02-08 09:59:20 --> Session: Class initialized using 'CodeIgniter\Session\Handlers\FileHandler' driver.
INFO - 2023-02-08 09:59:20 --> Session: Class initialized using 'CodeIgniter\Session\Handlers\FileHandler' driver.
INFO - 2023-02-08 09:59:28 --> Session: Class initialized using 'CodeIgniter\Session\Handlers\FileHandler' driver.
INFO - 2023-02-08 09:59:29 --> Session: Class initialized using 'CodeIgniter\Session\Handlers\FileHandler' driver.
INFO - 2023-02-08 09:59:29 --> Session: Class initialized using 'CodeIgniter\Session\Handlers\FileHandler' driver.
INFO - 2023-02-08 09:59:33 --> Session: Class initialized using 'CodeIgniter\Session\Handlers\FileHandler' driver.
INFO - 2023-02-08 09:59:34 --> Session: Class initialized using 'CodeIgniter\Session\Handlers\FileHandler' driver.
INFO - 2023-02-08 09:59:34 --> Session: Class initialized using 'CodeIgniter\Session\Handlers\FileHandler' driver.
INFO - 2023-02-08 10:00:25 --> Session: Class initialized using 'CodeIgniter\Session\Handlers\FileHandler' driver.
CRITICAL - 2023-02-08 10:00:29 --> Undefined variable $data
in APPPATH\Controllers\Auth.php on line 18.
 1 APPPATH\Controllers\Auth.php(18): CodeIgniter\Debug\Exceptions->errorHandler(2, 'Undefined variable $data', 'APPPATH\\Controllers\\Auth.php', 18)
 2 SYSTEMPATH\CodeIgniter.php(934): App\Controllers\Auth->login()
 3 SYSTEMPATH\CodeIgniter.php(499): CodeIgniter\CodeIgniter->runController(Object(App\Controllers\Auth))
 4 SYSTEMPATH\CodeIgniter.php(368): CodeIgniter\CodeIgniter->handleRequest(null, Object(Config\Cache), false)
 5 FCPATH\index.php(67): CodeIgniter\CodeIgniter->run()
 6 SYSTEMPATH\Commands\Server\rewrite.php(47): require_once('FCPATH\\index.php')
INFO - 2023-02-08 10:00:40 --> Session: Class initialized using 'CodeIgniter\Session\Handlers\FileHandler' driver.
INFO - 2023-02-08 10:00:41 --> Session: Class initialized using 'CodeIgniter\Session\Handlers\FileHandler' driver.
INFO - 2023-02-08 10:00:41 --> Session: Class initialized using 'CodeIgniter\Session\Handlers\FileHandler' driver.
INFO - 2023-02-08 10:08:47 --> Session: Class initialized using 'CodeIgniter\Session\Handlers\FileHandler' driver.
INFO - 2023-02-08 10:09:03 --> Session: Class initialized using 'CodeIgniter\Session\Handlers\FileHandler' driver.
INFO - 2023-02-08 10:09:03 --> Session: Class initialized using 'CodeIgniter\Session\Handlers\FileHandler' driver.
INFO - 2023-02-08 10:09:03 --> Session: Class initialized using 'CodeIgniter\Session\Handlers\FileHandler' driver.
INFO - 2023-02-08 10:09:11 --> Session: Class initialized using 'CodeIgniter\Session\Handlers\FileHandler' driver.
INFO - 2023-02-08 10:09:11 --> Session: Class initialized using 'CodeIgniter\Session\Handlers\FileHandler' driver.
INFO - 2023-02-08 10:09:11 --> Session: Class initialized using 'CodeIgniter\Session\Handlers\FileHandler' driver.
INFO - 2023-02-08 10:11:15 --> Session: Class initialized using 'CodeIgniter\Session\Handlers\FileHandler' driver.
INFO - 2023-02-08 10:11:16 --> Session: Class initialized using 'CodeIgniter\Session\Handlers\FileHandler' driver.
INFO - 2023-02-08 10:11:20 --> Session: Class initialized using 'CodeIgniter\Session\Handlers\FileHandler' driver.
INFO - 2023-02-08 10:11:26 --> Session: Class initialized using 'CodeIgniter\Session\Handlers\FileHandler' driver.
INFO - 2023-02-08 10:11:27 --> Session: Class initialized using 'CodeIgniter\Session\Handlers\FileHandler' driver.
INFO - 2023-02-08 10:12:33 --> Session: Class initialized using 'CodeIgniter\Session\Handlers\FileHandler' driver.
INFO - 2023-02-08 10:12:39 --> Session: Class initialized using 'CodeIgniter\Session\Handlers\FileHandler' driver.
INFO - 2023-02-08 10:12:39 --> Session: Class initialized using 'CodeIgniter\Session\Handlers\FileHandler' driver.
INFO - 2023-02-08 10:13:12 --> Session: Class initialized using 'CodeIgniter\Session\Handlers\FileHandler' driver.
INFO - 2023-02-08 10:13:19 --> Session: Class initialized using 'CodeIgniter\Session\Handlers\FileHandler' driver.
INFO - 2023-02-08 10:13:20 --> Session: Class initialized using 'CodeIgniter\Session\Handlers\FileHandler' driver.
INFO - 2023-02-08 10:14:26 --> Session: Class initialized using 'CodeIgniter\Session\Handlers\FileHandler' driver.
INFO - 2023-02-08 10:14:33 --> Session: Class initialized using 'CodeIgniter\Session\Handlers\FileHandler' driver.
INFO - 2023-02-08 10:14:33 --> Session: Class initialized using 'CodeIgniter\Session\Handlers\FileHandler' driver.
INFO - 2023-02-08 10:14:55 --> Session: Class initialized using 'CodeIgniter\Session\Handlers\FileHandler' driver.
INFO - 2023-02-08 10:15:00 --> Session: Class initialized using 'CodeIgniter\Session\Handlers\FileHandler' driver.
INFO - 2023-02-08 10:15:00 --> Session: Class initialized using 'CodeIgniter\Session\Handlers\FileHandler' driver.
INFO - 2023-02-08 10:15:15 --> Session: Class initialized using 'CodeIgniter\Session\Handlers\FileHandler' driver.
INFO - 2023-02-08 10:15:23 --> Session: Class initialized using 'CodeIgniter\Session\Handlers\FileHandler' driver.
INFO - 2023-02-08 10:15:23 --> Session: Class initialized using 'CodeIgniter\Session\Handlers\FileHandler' driver.
INFO - 2023-02-08 10:16:19 --> Session: Class initialized using 'CodeIgniter\Session\Handlers\FileHandler' driver.
INFO - 2023-02-08 10:16:25 --> Session: Class initialized using 'CodeIgniter\Session\Handlers\FileHandler' driver.
INFO - 2023-02-08 10:16:26 --> Session: Class initialized using 'CodeIgniter\Session\Handlers\FileHandler' driver.
INFO - 2023-02-08 10:16:34 --> Session: Class initialized using 'CodeIgniter\Session\Handlers\FileHandler' driver.
INFO - 2023-02-08 10:16:34 --> Session: Class initialized using 'CodeIgniter\Session\Handlers\FileHandler' driver.
INFO - 2023-02-08 10:49:34 --> Session: Class initialized using 'CodeIgniter\Session\Handlers\FileHandler' driver.
INFO - 2023-02-08 10:50:59 --> Session: Class initialized using 'CodeIgniter\Session\Handlers\FileHandler' driver.
INFO - 2023-02-08 10:51:06 --> Session: Class initialized using 'CodeIgniter\Session\Handlers\FileHandler' driver.
INFO - 2023-02-08 10:51:09 --> Session: Class initialized using 'CodeIgniter\Session\Handlers\FileHandler' driver.
INFO - 2023-02-08 10:51:22 --> Session: Class initialized using 'CodeIgniter\Session\Handlers\FileHandler' driver.
INFO - 2023-02-08 10:51:44 --> Session: Class initialized using 'CodeIgniter\Session\Handlers\FileHandler' driver.
INFO - 2023-02-08 10:51:44 --> Session: Class initialized using 'CodeIgniter\Session\Handlers\FileHandler' driver.
INFO - 2023-02-08 10:51:52 --> Session: Class initialized using 'CodeIgniter\Session\Handlers\FileHandler' driver.
INFO - 2023-02-08 10:51:53 --> Session: Class initialized using 'CodeIgniter\Session\Handlers\FileHandler' driver.
INFO - 2023-02-08 10:52:00 --> Session: Class initialized using 'CodeIgniter\Session\Handlers\FileHandler' driver.
INFO - 2023-02-08 10:52:01 --> Session: Class initialized using 'CodeIgniter\Session\Handlers\FileHandler' driver.
INFO - 2023-02-08 10:54:43 --> Session: Class initialized using 'CodeIgniter\Session\Handlers\FileHandler' driver.
INFO - 2023-02-08 10:54:51 --> Session: Class initialized using 'CodeIgniter\Session\Handlers\FileHandler' driver.
INFO - 2023-02-08 10:54:52 --> Session: Class initialized using 'CodeIgniter\Session\Handlers\FileHandler' driver.
INFO - 2023-02-08 10:56:14 --> Session: Class initialized using 'CodeIgniter\Session\Handlers\FileHandler' driver.
INFO - 2023-02-08 11:18:32 --> Session: Class initialized using 'CodeIgniter\Session\Handlers\FileHandler' driver.
INFO - 2023-02-08 11:18:40 --> Session: Class initialized using 'CodeIgniter\Session\Handlers\FileHandler' driver.
CRITICAL - 2023-02-08 11:18:40 --> Cannot use object of type stdClass as array
in APPPATH\Controllers\Auth.php on line 24.
 1 SYSTEMPATH\CodeIgniter.php(934): App\Controllers\Auth->login()
 2 SYSTEMPATH\CodeIgniter.php(499): CodeIgniter\CodeIgniter->runController(Object(App\Controllers\Auth))
 3 SYSTEMPATH\CodeIgniter.php(368): CodeIgniter\CodeIgniter->handleRequest(null, Object(Config\Cache), false)
 4 FCPATH\index.php(67): CodeIgniter\CodeIgniter->run()
 5 SYSTEMPATH\Commands\Server\rewrite.php(47): require_once('FCPATH\\index.php')
INFO - 2023-02-08 11:18:50 --> Session: Class initialized using 'CodeIgniter\Session\Handlers\FileHandler' driver.
CRITICAL - 2023-02-08 11:18:50 --> Cannot use object of type stdClass as array
in APPPATH\Controllers\Auth.php on line 24.
 1 SYSTEMPATH\CodeIgniter.php(934): App\Controllers\Auth->login()
 2 SYSTEMPATH\CodeIgniter.php(499): CodeIgniter\CodeIgniter->runController(Object(App\Controllers\Auth))
 3 SYSTEMPATH\CodeIgniter.php(368): CodeIgniter\CodeIgniter->handleRequest(null, Object(Config\Cache), false)
 4 FCPATH\index.php(67): CodeIgniter\CodeIgniter->run()
 5 SYSTEMPATH\Commands\Server\rewrite.php(47): require_once('FCPATH\\index.php')
INFO - 2023-02-08 11:21:20 --> Session: Class initialized using 'CodeIgniter\Session\Handlers\FileHandler' driver.
INFO - 2023-02-08 11:21:58 --> Session: Class initialized using 'CodeIgniter\Session\Handlers\FileHandler' driver.
INFO - 2023-02-08 11:21:58 --> Session: Class initialized using 'CodeIgniter\Session\Handlers\FileHandler' driver.
INFO - 2023-02-08 11:22:08 --> Session: Class initialized using 'CodeIgniter\Session\Handlers\FileHandler' driver.
CRITICAL - 2023-02-08 11:22:08 --> Cannot use object of type stdClass as array
in APPPATH\Controllers\Auth.php on line 29.
 1 SYSTEMPATH\CodeIgniter.php(934): App\Controllers\Auth->login()
 2 SYSTEMPATH\CodeIgniter.php(499): CodeIgniter\CodeIgniter->runController(Object(App\Controllers\Auth))
 3 SYSTEMPATH\CodeIgniter.php(368): CodeIgniter\CodeIgniter->handleRequest(null, Object(Config\Cache), false)
 4 FCPATH\index.php(67): CodeIgniter\CodeIgniter->run()
 5 SYSTEMPATH\Commands\Server\rewrite.php(47): require_once('FCPATH\\index.php')
INFO - 2023-02-08 11:22:48 --> Session: Class initialized using 'CodeIgniter\Session\Handlers\FileHandler' driver.
INFO - 2023-02-08 11:22:51 --> Session: Class initialized using 'CodeIgniter\Session\Handlers\FileHandler' driver.
INFO - 2023-02-08 11:23:10 --> Session: Class initialized using 'CodeIgniter\Session\Handlers\FileHandler' driver.
INFO - 2023-02-08 11:23:10 --> Session: Class initialized using 'CodeIgniter\Session\Handlers\FileHandler' driver.
INFO - 2023-02-08 11:23:21 --> Session: Class initialized using 'CodeIgniter\Session\Handlers\FileHandler' driver.
CRITICAL - 2023-02-08 11:23:22 --> Undefined property: stdClass::$pengguna_name
in APPPATH\Controllers\Auth.php on line 30.
 1 APPPATH\Controllers\Auth.php(30): CodeIgniter\Debug\Exceptions->errorHandler(2, 'Undefined property: stdClass::$pengguna_name', 'APPPATH\\Controllers\\Auth.php', 30)
 2 SYSTEMPATH\CodeIgniter.php(934): App\Controllers\Auth->login()
 3 SYSTEMPATH\CodeIgniter.php(499): CodeIgniter\CodeIgniter->runController(Object(App\Controllers\Auth))
 4 SYSTEMPATH\CodeIgniter.php(368): CodeIgniter\CodeIgniter->handleRequest(null, Object(Config\Cache), false)
 5 FCPATH\index.php(67): CodeIgniter\CodeIgniter->run()
 6 SYSTEMPATH\Commands\Server\rewrite.php(47): require_once('FCPATH\\index.php')
INFO - 2023-02-08 11:27:18 --> Session: Class initialized using 'CodeIgniter\Session\Handlers\FileHandler' driver.
INFO - 2023-02-08 11:29:15 --> Session: Class initialized using 'CodeIgniter\Session\Handlers\FileHandler' driver.
INFO - 2023-02-08 11:29:48 --> Session: Class initialized using 'CodeIgniter\Session\Handlers\FileHandler' driver.
INFO - 2023-02-08 11:29:57 --> Session: Class initialized using 'CodeIgniter\Session\Handlers\FileHandler' driver.
INFO - 2023-02-08 11:30:31 --> Session: Class initialized using 'CodeIgniter\Session\Handlers\FileHandler' driver.
INFO - 2023-02-08 11:30:38 --> Session: Class initialized using 'CodeIgniter\Session\Handlers\FileHandler' driver.
INFO - 2023-02-08 11:30:39 --> Session: Class initialized using 'CodeIgniter\Session\Handlers\FileHandler' driver.
INFO - 2023-02-08 11:30:46 --> Session: Class initialized using 'CodeIgniter\Session\Handlers\FileHandler' driver.
INFO - 2023-02-08 11:30:47 --> Session: Class initialized using 'CodeIgniter\Session\Handlers\FileHandler' driver.
INFO - 2023-02-08 11:30:47 --> Session: Class initialized using 'CodeIgniter\Session\Handlers\FileHandler' driver.
INFO - 2023-02-08 11:31:02 --> Session: Class initialized using 'CodeIgniter\Session\Handlers\FileHandler' driver.
INFO - 2023-02-08 11:31:03 --> Session: Class initialized using 'CodeIgniter\Session\Handlers\FileHandler' driver.
INFO - 2023-02-08 11:31:03 --> Session: Class initialized using 'CodeIgniter\Session\Handlers\FileHandler' driver.
INFO - 2023-02-08 11:31:11 --> Session: Class initialized using 'CodeIgniter\Session\Handlers\FileHandler' driver.
INFO - 2023-02-08 11:31:11 --> Session: Class initialized using 'CodeIgniter\Session\Handlers\FileHandler' driver.
